<?xml version="1.0" encoding="UTF-8"?>
<!-- Generated by org.testng.reporters.JUnitReportReporter -->
<testsuite hostname="MacBook-Pro.local" failures="0" tests="1" name="MyAccount.HomeDepot.SignUp" time="10.746" errors="0" timestamp="2020-12-18T17:52:29 EST" skipped="0">
  <testcase classname="MyAccount.HomeDepot.SignUp" name="signup" time="10.746"/>
  <system-out/>
</testsuite> <!-- MyAccount.HomeDepot.SignUp -->
