<?xml version="1.0" encoding="UTF-8"?>
<!-- Generated by org.testng.reporters.JUnitReportReporter -->
<testsuite hostname="MacBook-Pro.local" failures="0" tests="1" name="MyAccount.SignUp" time="5.310" errors="0" timestamp="2020-12-24T13:38:52 EST" skipped="0">
  <testcase classname="MyAccount.SignUp" name="signup" time="5.310"/>
  <system-out/>
</testsuite> <!-- MyAccount.SignUp -->
